[LOG] System::create                           : Header version = 2.01.06. Current version = 2.01.06.
[LOG] Manager::init                            : maxchannels = 256 studioflags = 00000006 flags 00000000 extradriverdata 0000000000000000.
[LOG] SystemI::init                            : Initialize version=20106 (112764), maxchannels=256, flags=0x00020000
[LOG] SystemI::setOutputInternal               : Setting output to 'FMOD WASAPI Output'
[LOG] OutputWASAPI::init                       : Mix Format (WAVEFORMATEX): wFormatTag=0xFFFE, nChannels=2, nSamplesPerSec=48000, nAvgBytesPerSec=384000, nBlockAlign=8, wBitsPerSample=32, cbSize=22.
[LOG] OutputWASAPI::init                       : Mix Format (WAVEFORMATEXTENSIBLE): wValidBitsPerSample=32, dwChannelMask=0x00000003, SubFormat=00000003-0000-0010-8000-00AA00389B71.
[LOG] OutputWASAPI::init                       : Output buffer size: 4096 samples, latency: 0.00ms, period: 10.00ms, DSP buffer: 1024 * 4
[LOG] Thread::initThread                       : Init FMOD stream thread. Affinity: 0x8000000000000003, Priority: 0xFFFF7FFB, Stack Size: 98304, Semaphore: No, Sleep Time: 10, Looping: Yes.
[LOG] Thread::initThread                       : Init FMOD mixer thread. Affinity: 0x8000000000000001, Priority: 0xFFFF7FFA, Stack Size: 81920, Semaphore: No, Sleep Time: 0, Looping: Yes.
[LOG] AsyncManager::init                       : manager 0000025142254B28 isAsync 0 updatePeriod 0.02
[LOG] AsyncManager::init                       : done
[LOG] PlaybackSystem::init                     : 
[LOG] Thread::initThread                       : Init FMOD Studio sample load thread. Affinity: 0x8000000000000003, Priority: 0xFFFF7FFD, Stack Size: 98304, Semaphore: No, Sleep Time: 1, Looping: No.
[LOG] PlaybackSystem::init                     : done
[LOG] Thread::initThread                       : Init FMOD Studio bank load thread. Affinity: 0x8000000000000003, Priority: 0xFFFF7FFD, Stack Size: 98304, Semaphore: No, Sleep Time: 1, Looping: No.
[LOG] Manager::init                            : done.
[LOG] Manager::readBank                        : fileversion = 135, compatVersion = 132 (oldest = 44, newest = 135)
[LOG] Manager::readBank                        : fileversion = 135, compatVersion = 132 (oldest = 44, newest = 135)
[LOG] SystemI::createSoundInternal             : Create name='', mode=0x02000202
[LOG] SystemI::createSoundInternal             : exinfo->cbsize             = 224
[LOG] SystemI::createSoundInternal             : exinfo->length             = 10142304
[LOG] SystemI::createSoundInternal             : exinfo->fileoffset         = 19008
[LOG] SystemI::createSoundInternal             : exinfo->numsubsounds       = 1
[LOG] SystemI::createSoundInternal             : exinfo->inclusionlist      = 000000DE779FF0D8
[LOG] SystemI::createSoundInternal             : exinfo->inclusionlistnum   = 1
[LOG] SystemI::createSoundInternal             : exinfo->suggestedsoundtype = 5
[LOG] SystemI::createSoundInternal             : exinfo->useropen           = 00007FFE24CC7E30
[LOG] SystemI::createSoundInternal             : exinfo->userclose          = 00007FFE24CC7E00
[LOG] SystemI::createSoundInternal             : exinfo->userread           = 00007FFE24CC7F00
[LOG] SystemI::createSoundInternal             : exinfo->userseek           = 00007FFE24CC7FC0
[LOG] SystemI::createSoundInternal             : exinfo->fileuserdata       = 000002533E9718E8
[LOG] SystemI::createSoundInternal             : exinfo->initialseekpostype = 1
[LOG] SystemI::DSPCodecPoolRegister            : register codec pool for pool type 5
[LOG] SystemI::createSoundInternal             : Sample 0/1: name='sfx_sounds_interaction21', format=5, channels=1, frequency=48000, lengthbytes=3872, lengthpcm=26351, pcmblocksize=0, loopstart=0, loopend=0, mode=0x00000000, channelmask=0x00000000, channelorder=0, peakvolume=0.501251.
[LOG] SystemI::createSound                     : filename = Fmod\NoCodeur\Build\Desktop/Master.bank : mode 02010082
[LOG] SystemI::createSound                     : FMOD_NONBLOCKING specified.  Putting into queue to be opened asynchronously!
[LOG] SystemI::createSound                     : setdata soundi = 0000025142441848 : node = 000002533D94FDE0
[LOG] SystemI::createSound                     : add node to async list : head = 000002514CE38D78.  list count = 0
[LOG] AsyncThread::threadFunc                  : Starting Asynchronous operation on sound 0000025142441848
[LOG] SystemI::createSoundInternal             :     Create name='Fmod\NoCodeur\Build\Desktop/Master.bank', mode=0x02010082
[LOG] SystemI::createSoundInternal             :     exinfo->cbsize             = 224
[LOG] SystemI::createSoundInternal             :     exinfo->length             = 10142304
[LOG] SystemI::createSoundInternal             :     exinfo->fileoffset         = 19008
[LOG] SystemI::createSoundInternal             :     exinfo->numsubsounds       = 1
[LOG] SystemI::createSoundInternal             :     exinfo->inclusionlist      = 000002533D94FEF0
[LOG] SystemI::createSoundInternal             :     exinfo->inclusionlistnum   = 1
[LOG] SystemI::createSoundInternal             :     exinfo->suggestedsoundtype = 5
[LOG] SystemI::createSound                     :     filename = Fmod\NoCodeur\Build\Desktop/Master.bank : mode 02010082
[LOG] SystemI::createSoundInternal             :     exinfo->initialseekpostype = 1
[LOG] SystemI::createSound                     :     FMOD_NONBLOCKING specified.  Putting into queue to be opened asynchronously!
[LOG] SystemI::createSound                     :     setdata soundi = 0000025142441BA8 : node = 000002533D94F160
[LOG] SystemI::createSound                     :     add node to async list : head = 000002514CE38D78.  list count = 0
[LOG] SystemI::createSound                     :     filename = Fmod\NoCodeur\Build\Desktop/Master.bank : mode 02010082
[LOG] SystemI::createSound                     :     FMOD_NONBLOCKING specified.  Putting into queue to be opened asynchronously!
[LOG] SystemI::createSoundInternal             :     Stream 0/1: name='SmallRobot_Idle', format=5, channels=2, frequency=48000, lengthbytes=231552, lengthpcm=1440000, pcmblocksize=0, loopstart=0, loopend=0, mode=0x00000000, channelmask=0x00000000, channelorder=0, peakvolume=0.468031.
[LOG] SystemI::createSound                     :     setdata soundi = 0000025142442418 : node = 000002533D94F8E0
[LOG] SystemI::createSound                     :     add node to async list : head = 000002514CE38D78.  list count = 1
[LOG] AsyncThread::threadFunc                  : Finished Asynchronous operation on sound 0000025142441848
[LOG] AsyncThread::threadFunc                  : Starting Asynchronous operation on sound 0000025142441BA8
[LOG] SystemI::createSoundInternal             :     Create name='Fmod\NoCodeur\Build\Desktop/Master.bank', mode=0x02010082
[LOG] SystemI::createSoundInternal             :     exinfo->cbsize             = 224
[LOG] SystemI::createSoundInternal             :     exinfo->length             = 10142304
[LOG] SystemI::createSoundInternal             :     exinfo->fileoffset         = 19008
[LOG] SystemI::createSoundInternal             :     exinfo->numsubsounds       = 1
[LOG] SystemI::createSoundInternal             :     exinfo->inclusionlist      = 000002533D94F270
[LOG] SystemI::createSoundInternal             :     exinfo->inclusionlistnum   = 1
[LOG] SystemI::createSoundInternal             :     exinfo->suggestedsoundtype = 5
[LOG] SystemI::createSoundInternal             :     exinfo->initialseekpostype = 1
[LOG] SystemI::createSoundInternal             :     Stream 0/1: name='DesertAmbiance', format=5, channels=2, frequency=48000, lengthbytes=2848672, lengthpcm=10848000, pcmblocksize=0, loopstart=0, loopend=0, mode=0x00000000, channelmask=0x00000000, channelorder=0, peakvolume=0.088464.
[LOG] AsyncThread::threadFunc                  : Finished Asynchronous operation on sound 0000025142441BA8
[LOG] AsyncThread::threadFunc                  : Starting Asynchronous operation on sound 0000025142442418
[LOG] SystemI::createSoundInternal             :     Create name='Fmod\NoCodeur\Build\Desktop/Master.bank', mode=0x02010082
[LOG] SystemI::createSoundInternal             :     exinfo->cbsize             = 224
[LOG] SystemI::createSoundInternal             :     exinfo->length             = 10142304
[LOG] SystemI::createSoundInternal             :     exinfo->fileoffset         = 19008
[LOG] SystemI::createSoundInternal             :     exinfo->numsubsounds       = 1
[LOG] SystemI::createSoundInternal             :     exinfo->inclusionlist      = 000002533D94F9F0
[LOG] SystemI::createSoundInternal             :     exinfo->inclusionlistnum   = 1
[LOG] SystemI::createSoundInternal             :     exinfo->suggestedsoundtype = 5
[LOG] SystemI::createSoundInternal             :     exinfo->initialseekpostype = 1
[LOG] SystemI::createSoundInternal             :     Stream 0/1: name='Frénésie', format=5, channels=2, frequency=48000, lengthbytes=1256352, lengthpcm=4650666, pcmblocksize=0, loopstart=0, loopend=4639998, mode=0x00000000, channelmask=0x00000000, channelorder=0, peakvolume=0.975708.
[LOG] AsyncThread::threadFunc                  : Finished Asynchronous operation on sound 0000025142442418
[LOG] AsyncThread::threadFunc                  : Starting Asynchronous operation on sound 000002533D7D9DE8
[LOG] AsyncThread::threadFunc                  : Finished Asynchronous operation on sound 000002533D7D9DE8
[LOG] SoundI::release                          : Thoughts (000002514244C468)
[LOG] SoundI::release                          :     Thoughts (000002533D7D6FA8)
[LOG] SoundI::release                          :     Thoughts (000002514244D1E8)
[LOG] SoundI::release                          : Campfire (000002514244DC08)
[LOG] SoundI::release                          :     Campfire (000002533D7D6448)
[LOG] SoundI::release                          :     Campfire (000002514244BA48)
[LOG] SystemI::createSoundInternal             : Create name='', mode=0x02000202
[LOG] SystemI::createSoundInternal             : exinfo->cbsize             = 224
[LOG] SystemI::createSoundInternal             : exinfo->length             = 10142304
[LOG] SystemI::createSoundInternal             : exinfo->fileoffset         = 19008
[LOG] SystemI::createSoundInternal             : exinfo->numsubsounds       = 1
[LOG] SystemI::createSoundInternal             : exinfo->inclusionlist      = 000000DE779FF0D8
[LOG] SystemI::createSoundInternal             : exinfo->inclusionlistnum   = 1
[LOG] SystemI::createSoundInternal             : exinfo->suggestedsoundtype = 5
[LOG] SystemI::createSoundInternal             : exinfo->useropen           = 00007FFE24CC7E30
[LOG] SystemI::createSoundInternal             : exinfo->userclose          = 00007FFE24CC7E00
[LOG] SystemI::createSoundInternal             : exinfo->userread           = 00007FFE24CC7F00
[LOG] SystemI::createSoundInternal             : exinfo->userseek           = 00007FFE24CC7FC0
[LOG] SystemI::createSoundInternal             : exinfo->fileuserdata       = 000002533C783998
[LOG] SystemI::createSoundInternal             : exinfo->initialseekpostype = 1
[LOG] SystemI::DSPCodecPoolRegister            : register codec pool for pool type 5
[LOG] SystemI::createSoundInternal             : Sample 0/1: name='sfx_exp_shortest_hard1', format=5, channels=1, frequency=48000, lengthbytes=6912, lengthpcm=32182, pcmblocksize=0, loopstart=0, loopend=0, mode=0x00000000, channelmask=0x00000000, channelorder=0, peakvolume=0.498871.
[LOG] SystemI::createSoundInternal             : Create name='', mode=0x02000202
[LOG] SystemI::createSoundInternal             : exinfo->cbsize             = 224
[LOG] SystemI::createSoundInternal             : exinfo->length             = 10142304
[LOG] SystemI::createSoundInternal             : exinfo->fileoffset         = 19008
[LOG] SystemI::createSoundInternal             : exinfo->numsubsounds       = 1
[LOG] SystemI::createSoundInternal             : exinfo->inclusionlist      = 000000DE779FF0D8
[LOG] SystemI::createSoundInternal             : exinfo->inclusionlistnum   = 1
[LOG] SystemI::createSoundInternal             : exinfo->suggestedsoundtype = 5
[LOG] SystemI::createSoundInternal             : exinfo->useropen           = 00007FFE24CC7E30
[LOG] SystemI::createSoundInternal             : exinfo->userclose          = 00007FFE24CC7E00
[LOG] SystemI::createSoundInternal             : exinfo->userread           = 00007FFE24CC7F00
[LOG] SystemI::createSoundInternal             : exinfo->userseek           = 00007FFE24CC7FC0
[LOG] SystemI::createSoundInternal             : exinfo->fileuserdata       = 000002533C783998
[LOG] SystemI::createSoundInternal             : exinfo->initialseekpostype = 1
[LOG] SystemI::DSPCodecPoolRegister            : register codec pool for pool type 5
[LOG] SystemI::createSoundInternal             : Sample 0/1: name='sfx_exp_short_hard1', format=5, channels=1, frequency=48000, lengthbytes=5952, lengthpcm=28918, pcmblocksize=0, loopstart=0, loopend=0, mode=0x00000000, channelmask=0x00000000, channelorder=0, peakvolume=0.498871.
[LOG] SystemI::createSoundInternal             : Create name='', mode=0x02000202
[LOG] SystemI::createSoundInternal             : exinfo->cbsize             = 224
[LOG] SystemI::createSoundInternal             : exinfo->length             = 10142304
[LOG] SystemI::createSoundInternal             : exinfo->fileoffset         = 19008
[LOG] SystemI::createSoundInternal             : exinfo->numsubsounds       = 1
[LOG] SystemI::createSoundInternal             : exinfo->inclusionlist      = 000000DE779FF0D8
[LOG] SystemI::createSoundInternal             : exinfo->inclusionlistnum   = 1
[LOG] SystemI::createSoundInternal             : exinfo->suggestedsoundtype = 5
[LOG] SystemI::createSoundInternal             : exinfo->useropen           = 00007FFE24CC7E30
[LOG] SystemI::createSoundInternal             : exinfo->userclose          = 00007FFE24CC7E00
[LOG] SystemI::createSoundInternal             : exinfo->userread           = 00007FFE24CC7F00
[LOG] SystemI::createSoundInternal             : exinfo->userseek           = 00007FFE24CC7FC0
[LOG] SystemI::createSoundInternal             : exinfo->fileuserdata       = 000002533C783998
[LOG] SystemI::createSoundInternal             : exinfo->initialseekpostype = 1
[LOG] SystemI::DSPCodecPoolRegister            : register codec pool for pool type 5
[LOG] SystemI::createSoundInternal             : Sample 0/1: name='sfx_exp_short_hard2', format=5, channels=1, frequency=48000, lengthbytes=4576, lengthpcm=23450, pcmblocksize=0, loopstart=0, loopend=0, mode=0x00000000, channelmask=0x00000000, channelorder=0, peakvolume=0.498871.
[LOG] SystemI::createSoundInternal             : Create name='', mode=0x02000202
[LOG] SystemI::createSoundInternal             : exinfo->cbsize             = 224
[LOG] SystemI::createSoundInternal             : exinfo->length             = 10142304
[LOG] SystemI::createSoundInternal             : exinfo->fileoffset         = 19008
[LOG] SystemI::createSoundInternal             : exinfo->numsubsounds       = 1
[LOG] SystemI::createSoundInternal             : exinfo->inclusionlist      = 000000DE779FF0D8
[LOG] SystemI::createSoundInternal             : exinfo->inclusionlistnum   = 1
[LOG] SystemI::createSoundInternal             : exinfo->suggestedsoundtype = 5
[LOG] SystemI::createSoundInternal             : exinfo->useropen           = 00007FFE24CC7E30
[LOG] SystemI::createSoundInternal             : exinfo->userclose          = 00007FFE24CC7E00
[LOG] SystemI::createSoundInternal             : exinfo->userread           = 00007FFE24CC7F00
[LOG] SystemI::createSoundInternal             : exinfo->userseek           = 00007FFE24CC7FC0
[LOG] SystemI::createSoundInternal             : exinfo->fileuserdata       = 000002533C783998
[LOG] SystemI::createSoundInternal             : exinfo->initialseekpostype = 1
[LOG] SystemI::DSPCodecPoolRegister            : register codec pool for pool type 5
[LOG] SystemI::createSoundInternal             : Sample 0/1: name='sfx_exp_short_hard3', format=5, channels=1, frequency=48000, lengthbytes=6752, lengthpcm=30147, pcmblocksize=0, loopstart=0, loopend=0, mode=0x00000000, channelmask=0x00000000, channelorder=0, peakvolume=0.498871.
[LOG] SystemI::createSoundInternal             : Create name='', mode=0x02000202
[LOG] SystemI::createSoundInternal             : exinfo->cbsize             = 224
[LOG] SystemI::createSoundInternal             : exinfo->length             = 10142304
[LOG] SystemI::createSoundInternal             : exinfo->fileoffset         = 19008
[LOG] SystemI::createSoundInternal             : exinfo->numsubsounds       = 1
[LOG] SystemI::createSoundInternal             : exinfo->inclusionlist      = 000000DE779FF0D8
[LOG] SystemI::createSoundInternal             : exinfo->inclusionlistnum   = 1
[LOG] SystemI::createSoundInternal             : exinfo->suggestedsoundtype = 5
[LOG] SystemI::createSoundInternal             : exinfo->useropen           = 00007FFE24CC7E30
[LOG] SystemI::createSoundInternal             : exinfo->userclose          = 00007FFE24CC7E00
[LOG] SystemI::createSoundInternal             : exinfo->userread           = 00007FFE24CC7F00
[LOG] SystemI::createSoundInternal             : exinfo->userseek           = 00007FFE24CC7FC0
[LOG] SystemI::createSoundInternal             : exinfo->fileuserdata       = 000002533C783998
[LOG] SystemI::createSoundInternal             : exinfo->initialseekpostype = 1
[LOG] SystemI::DSPCodecPoolRegister            : register codec pool for pool type 5
[LOG] SystemI::createSoundInternal             : Sample 0/1: name='sfx_exp_short_hard4', format=5, channels=1, frequency=48000, lengthbytes=4864, lengthpcm=22620, pcmblocksize=0, loopstart=0, loopend=0, mode=0x00000000, channelmask=0x00000000, channelorder=0, peakvolume=0.498871.
[LOG] SoundI::release                          : SmallRobot_Idle (0000025142441848)
[LOG] SoundI::release                          :     SmallRobot_Idle (000002533C0EFD78)
[LOG] SoundI::release                          :     SmallRobot_Idle (0000025142441F08)
[LOG] SystemI::createSound                     : filename = Fmod\NoCodeur\Build\Desktop/Master.bank : mode 02010082
[LOG] SystemI::createSound                     : FMOD_NONBLOCKING specified.  Putting into queue to be opened asynchronously!
[LOG] SystemI::createSound                     : setdata soundi = 000002533D7DB3D8 : node = 00000252DCBE0920
[LOG] SystemI::createSound                     : add node to async list : head = 000002514CE38D78.  list count = 0
[LOG] AsyncThread::threadFunc                  : Starting Asynchronous operation on sound 000002533D7DB3D8
[LOG] SystemI::createSoundInternal             :     Create name='Fmod\NoCodeur\Build\Desktop/Master.bank', mode=0x02010082
[LOG] SystemI::createSoundInternal             :     exinfo->cbsize             = 224
[LOG] SystemI::createSoundInternal             :     exinfo->length             = 10142304
[LOG] SystemI::createSoundInternal             :     exinfo->fileoffset         = 19008
[LOG] SystemI::createSoundInternal             :     exinfo->numsubsounds       = 1
[LOG] SystemI::createSoundInternal             :     exinfo->inclusionlist      = 00000252DCBE0A30
[LOG] SystemI::createSoundInternal             :     exinfo->inclusionlistnum   = 1
[LOG] SystemI::createSoundInternal             :     exinfo->suggestedsoundtype = 5
[LOG] SystemI::createSoundInternal             :     exinfo->initialseekpostype = 1
[LOG] SystemI::createSound                     :     filename = Fmod\NoCodeur\Build\Desktop/Master.bank : mode 02010082
[LOG] SystemI::createSound                     :     FMOD_NONBLOCKING specified.  Putting into queue to be opened asynchronously!
[LOG] SystemI::createSound                     :     setdata soundi = 000002533D7D9C38 : node = 00000252DCBE0BA0
[LOG] SystemI::createSound                     :     add node to async list : head = 000002514CE38D78.  list count = 0
[LOG] SystemI::createSoundInternal             :     Stream 0/1: name='Campfire', format=5, channels=2, frequency=48000, lengthbytes=4822816, lengthpcm=16704000, pcmblocksize=0, loopstart=0, loopend=0, mode=0x00000000, channelmask=0x00000000, channelorder=0, peakvolume=0.999969.
[LOG] AsyncThread::threadFunc                  : Finished Asynchronous operation on sound 000002533D7DB3D8
[LOG] AsyncThread::threadFunc                  : Starting Asynchronous operation on sound 000002533D7D9C38
[LOG] SystemI::createSoundInternal             :     Create name='Fmod\NoCodeur\Build\Desktop/Master.bank', mode=0x02010082
[LOG] SystemI::createSoundInternal             :     exinfo->cbsize             = 224
[LOG] SystemI::createSoundInternal             :     exinfo->length             = 10142304
[LOG] SystemI::createSoundInternal             :     exinfo->fileoffset         = 19008
[LOG] SystemI::createSoundInternal             :     exinfo->numsubsounds       = 1
[LOG] SystemI::createSoundInternal             :     exinfo->inclusionlist      = 00000252DCBE0CB0
[LOG] SystemI::createSoundInternal             :     exinfo->inclusionlistnum   = 1
[LOG] SystemI::createSoundInternal             :     exinfo->suggestedsoundtype = 5
[LOG] SystemI::createSoundInternal             :     exinfo->initialseekpostype = 1
[LOG] SystemI::createSoundInternal             :     Stream 0/1: name='Thoughts', format=5, channels=2, frequency=48000, lengthbytes=864896, lengthpcm=2748772, pcmblocksize=0, loopstart=0, loopend=2679761, mode=0x00000000, channelmask=0x00000000, channelorder=0, peakvolume=0.187012.
[LOG] AsyncThread::threadFunc                  : Finished Asynchronous operation on sound 000002533D7D9C38
[LOG] AsyncThread::threadFunc                  : Starting Asynchronous operation on sound 000002533D7DB588
[LOG] AsyncThread::threadFunc                  : Finished Asynchronous operation on sound 000002533D7DB588
[LOG] SoundI::release                          : Frénésie (0000025142442418)
[LOG] SoundI::release                          :     Frénésie (000002533C0EF898)
[LOG] SoundI::release                          :     Frénésie (000002533D7D9DE8)
[LOG] SoundI::release                          : DesertAmbiance (0000025142441BA8)
[LOG] SoundI::release                          :     DesertAmbiance (000002533C0EFBD8)
[LOG] SoundI::release                          :     DesertAmbiance (0000025142442FE8)
[LOG] SystemI::createSound                     : filename = Fmod\NoCodeur\Build\Desktop/Master.bank : mode 02010082
[LOG] SystemI::createSound                     : FMOD_NONBLOCKING specified.  Putting into queue to be opened asynchronously!
[LOG] SystemI::createSound                     : setdata soundi = 0000025142448298 : node = 00000252DCBE0E20
[LOG] SystemI::createSound                     : add node to async list : head = 000002514CE38D78.  list count = 0
[LOG] AsyncThread::threadFunc                  : Starting Asynchronous operation on sound 0000025142448298
[LOG] SystemI::createSoundInternal             :     Create name='Fmod\NoCodeur\Build\Desktop/Master.bank', mode=0x02010082
[LOG] SystemI::createSoundInternal             :     exinfo->cbsize             = 224
[LOG] SystemI::createSoundInternal             :     exinfo->length             = 10142304
[LOG] SystemI::createSoundInternal             :     exinfo->fileoffset         = 19008
[LOG] SystemI::createSoundInternal             :     exinfo->numsubsounds       = 1
[LOG] SystemI::createSoundInternal             :     exinfo->inclusionlist      = 00000252DCBE0F30
[LOG] SystemI::createSoundInternal             :     exinfo->inclusionlistnum   = 1
[LOG] SystemI::createSoundInternal             :     exinfo->suggestedsoundtype = 5
[LOG] SystemI::createSoundInternal             :     exinfo->initialseekpostype = 1
[LOG] SystemI::createSound                     :     filename = Fmod\NoCodeur\Build\Desktop/Master.bank : mode 02010082
[LOG] SystemI::createSound                     :     FMOD_NONBLOCKING specified.  Putting into queue to be opened asynchronously!
[LOG] SystemI::createSound                     :     setdata soundi = 00000251424485F8 : node = 00000252DCBE10A0
[LOG] SystemI::createSound                     :     add node to async list : head = 000002514CE38D78.  list count = 0
[LOG] SystemI::createSoundInternal             :     Stream 0/1: name='SmallRobot_Idle', format=5, channels=2, frequency=48000, lengthbytes=231552, lengthpcm=1440000, pcmblocksize=0, loopstart=0, loopend=0, mode=0x00000000, channelmask=0x00000000, channelorder=0, peakvolume=0.468031.
[LOG] SystemI::createSound                     :     filename = Fmod\NoCodeur\Build\Desktop/Master.bank : mode 02010082
[LOG] SystemI::createSound                     :     FMOD_NONBLOCKING specified.  Putting into queue to be opened asynchronously!
[LOG] SystemI::createSound                     :     setdata soundi = 0000025142449A38 : node = 00000252DCBE0F60
[LOG] SystemI::createSound                     :     add node to async list : head = 000002514CE38D78.  list count = 1
[LOG] SystemI::createSound                     :     filename = Fmod\NoCodeur\Build\Desktop/Master.bank : mode 02010082
[LOG] SystemI::createSound                     :     FMOD_NONBLOCKING specified.  Putting into queue to be opened asynchronously!
[LOG] SystemI::createSound                     :     setdata soundi = 000002514244A2A8 : node = 00000252DCBE1320
[LOG] SystemI::createSound                     :     add node to async list : head = 000002514CE38D78.  list count = 2
[LOG] SystemI::createSound                     :     filename = Fmod\NoCodeur\Build\Desktop/Master.bank : mode 02010082
[LOG] SystemI::createSound                     :     FMOD_NONBLOCKING specified.  Putting into queue to be opened asynchronously!
[LOG] SystemI::createSound                     :     setdata soundi = 000002514244DC08 : node = 000002533D94F8E0
[LOG] SystemI::createSound                     :     add node to async list : head = 000002514CE38D78.  list count = 3
[LOG] SystemI::createSound                     :     filename = Fmod\NoCodeur\Build\Desktop/Master.bank : mode 02010082
[LOG] SystemI::createSound                     :     FMOD_NONBLOCKING specified.  Putting into queue to be opened asynchronously!
[LOG] SystemI::createSound                     :     setdata soundi = 000002514244C108 : node = 000002533D94F160
[LOG] SystemI::createSound                     :     add node to async list : head = 000002514CE38D78.  list count = 4
[LOG] AsyncThread::threadFunc                  : Finished Asynchronous operation on sound 0000025142448298
[LOG] AsyncThread::threadFunc                  : Starting Asynchronous operation on sound 00000251424485F8
[LOG] SystemI::createSoundInternal             :     Create name='Fmod\NoCodeur\Build\Desktop/Master.bank', mode=0x02010082
[LOG] SystemI::createSound                     :     filename = Fmod\NoCodeur\Build\Desktop/Master.bank : mode 02010082
[LOG] SystemI::createSoundInternal             :     exinfo->cbsize             = 224
[LOG] SystemI::createSound                     :     FMOD_NONBLOCKING specified.  Putting into queue to be opened asynchronously!
[LOG] SystemI::createSoundInternal             :     exinfo->length             = 10142304
[LOG] SystemI::createSound                     :     setdata soundi = 000002514244BA48 : node = 000002533D94E760
[LOG] SystemI::createSoundInternal             :     exinfo->fileoffset         = 19008
[LOG] SystemI::createSound                     :     add node to async list : head = 000002514CE38D78.  list count = 4
[LOG] SystemI::createSoundInternal             :     exinfo->numsubsounds       = 1
[LOG] SystemI::createSoundInternal             :     exinfo->inclusionlist      = 00000252DCBE11B0
[LOG] SystemI::createSoundInternal             :     exinfo->inclusionlistnum   = 1
[LOG] SystemI::createSoundInternal             :     exinfo->suggestedsoundtype = 5
[LOG] SystemI::createSoundInternal             :     exinfo->initialseekpostype = 1
[LOG] SystemI::createSoundInternal             :     Stream 0/1: name='SmallRobot_Idle', format=5, channels=2, frequency=48000, lengthbytes=231552, lengthpcm=1440000, pcmblocksize=0, loopstart=0, loopend=0, mode=0x00000000, channelmask=0x00000000, channelorder=0, peakvolume=0.468031.
[LOG] AsyncThread::threadFunc                  : Finished Asynchronous operation on sound 00000251424485F8
[LOG] AsyncThread::threadFunc                  : Starting Asynchronous operation on sound 0000025142449A38
[LOG] SystemI::createSoundInternal             :     Create name='Fmod\NoCodeur\Build\Desktop/Master.bank', mode=0x02010082
[LOG] SystemI::createSoundInternal             :     exinfo->cbsize             = 224
[LOG] SystemI::createSoundInternal             :     exinfo->length             = 10142304
[LOG] SystemI::createSoundInternal             :     exinfo->fileoffset         = 19008
[LOG] SystemI::createSoundInternal             :     exinfo->numsubsounds       = 1
[LOG] SystemI::createSoundInternal             :     exinfo->inclusionlist      = 00000252DCBE1070
[LOG] SystemI::createSoundInternal             :     exinfo->inclusionlistnum   = 1
[LOG] SystemI::createSoundInternal             :     exinfo->suggestedsoundtype = 5
[LOG] SystemI::createSoundInternal             :     exinfo->initialseekpostype = 1
[LOG] SystemI::createSoundInternal             :     Stream 0/1: name='SmallRobot_Idle', format=5, channels=2, frequency=48000, lengthbytes=231552, lengthpcm=1440000, pcmblocksize=0, loopstart=0, loopend=0, mode=0x00000000, channelmask=0x00000000, channelorder=0, peakvolume=0.468031.
[LOG] AsyncThread::threadFunc                  : Finished Asynchronous operation on sound 0000025142449A38
[LOG] AsyncThread::threadFunc                  : Starting Asynchronous operation on sound 000002514244A2A8
[LOG] SystemI::createSoundInternal             :     Create name='Fmod\NoCodeur\Build\Desktop/Master.bank', mode=0x02010082
[LOG] SystemI::createSoundInternal             :     exinfo->cbsize             = 224
[LOG] SystemI::createSoundInternal             :     exinfo->length             = 10142304
[LOG] SystemI::createSoundInternal             :     exinfo->fileoffset         = 19008
[LOG] SystemI::createSoundInternal             :     exinfo->numsubsounds       = 1
[LOG] SystemI::createSoundInternal             :     exinfo->inclusionlist      = 00000252DCBE1430
[LOG] SystemI::createSoundInternal             :     exinfo->inclusionlistnum   = 1
[LOG] SystemI::createSoundInternal             :     exinfo->suggestedsoundtype = 5
[LOG] SystemI::createSoundInternal             :     exinfo->initialseekpostype = 1
[LOG] SystemI::createSoundInternal             :     Stream 0/1: name='SmallRobot_Idle', format=5, channels=2, frequency=48000, lengthbytes=231552, lengthpcm=1440000, pcmblocksize=0, loopstart=0, loopend=0, mode=0x00000000, channelmask=0x00000000, channelorder=0, peakvolume=0.468031.
[LOG] AsyncThread::threadFunc                  : Finished Asynchronous operation on sound 000002514244A2A8
[LOG] AsyncThread::threadFunc                  : Starting Asynchronous operation on sound 000002514244DC08
[LOG] SystemI::createSoundInternal             :     Create name='Fmod\NoCodeur\Build\Desktop/Master.bank', mode=0x02010082
[LOG] SystemI::createSoundInternal             :     exinfo->cbsize             = 224
[LOG] SystemI::createSoundInternal             :     exinfo->length             = 10142304
[LOG] SystemI::createSoundInternal             :     exinfo->fileoffset         = 19008
[LOG] SystemI::createSoundInternal             :     exinfo->numsubsounds       = 1
[LOG] SystemI::createSoundInternal             :     exinfo->inclusionlist      = 000002533D94F9F0
[LOG] SystemI::createSoundInternal             :     exinfo->inclusionlistnum   = 1
[LOG] SystemI::createSoundInternal             :     exinfo->suggestedsoundtype = 5
[LOG] SystemI::createSoundInternal             :     exinfo->initialseekpostype = 1
[LOG] SystemI::createSoundInternal             :     Stream 0/1: name='DesertAmbiance', format=5, channels=2, frequency=48000, lengthbytes=2848672, lengthpcm=10848000, pcmblocksize=0, loopstart=0, loopend=0, mode=0x00000000, channelmask=0x00000000, channelorder=0, peakvolume=0.088464.
[LOG] AsyncThread::threadFunc                  : Finished Asynchronous operation on sound 000002514244DC08
[LOG] AsyncThread::threadFunc                  : Starting Asynchronous operation on sound 000002514244C108
[LOG] SystemI::createSoundInternal             :     Create name='Fmod\NoCodeur\Build\Desktop/Master.bank', mode=0x02010082
[LOG] SystemI::createSoundInternal             :     exinfo->cbsize             = 224
[LOG] SystemI::createSoundInternal             :     exinfo->length             = 10142304
[LOG] SystemI::createSoundInternal             :     exinfo->fileoffset         = 19008
[LOG] SystemI::createSoundInternal             :     exinfo->numsubsounds       = 1
[LOG] SystemI::createSoundInternal             :     exinfo->inclusionlist      = 000002533D94F270
[LOG] SystemI::createSoundInternal             :     exinfo->inclusionlistnum   = 1
[LOG] SystemI::createSoundInternal             :     exinfo->suggestedsoundtype = 5
[LOG] SystemI::createSoundInternal             :     exinfo->initialseekpostype = 1
[LOG] SystemI::createSoundInternal             :     Stream 0/1: name='Frénésie', format=5, channels=2, frequency=48000, lengthbytes=1256352, lengthpcm=4650666, pcmblocksize=0, loopstart=0, loopend=4639998, mode=0x00000000, channelmask=0x00000000, channelorder=0, peakvolume=0.975708.
[LOG] AsyncThread::threadFunc                  : Finished Asynchronous operation on sound 000002514244C108
[LOG] AsyncThread::threadFunc                  : Starting Asynchronous operation on sound 000002514244BA48
[LOG] SystemI::createSoundInternal             :     Create name='Fmod\NoCodeur\Build\Desktop/Master.bank', mode=0x02010082
[LOG] SystemI::createSoundInternal             :     exinfo->cbsize             = 224
[LOG] SystemI::createSoundInternal             :     exinfo->length             = 10142304
[LOG] SystemI::createSoundInternal             :     exinfo->fileoffset         = 19008
[LOG] SystemI::createSoundInternal             :     exinfo->numsubsounds       = 1
[LOG] SystemI::createSoundInternal             :     exinfo->inclusionlist      = 000002533D94E870
[LOG] SystemI::createSoundInternal             :     exinfo->inclusionlistnum   = 1
[LOG] SystemI::createSoundInternal             :     exinfo->suggestedsoundtype = 5
[LOG] SystemI::createSoundInternal             :     exinfo->initialseekpostype = 1
[LOG] SystemI::createSoundInternal             :     Stream 0/1: name='SmallRobot_Idle', format=5, channels=2, frequency=48000, lengthbytes=231552, lengthpcm=1440000, pcmblocksize=0, loopstart=0, loopend=0, mode=0x00000000, channelmask=0x00000000, channelorder=0, peakvolume=0.468031.
[LOG] AsyncThread::threadFunc                  : Finished Asynchronous operation on sound 000002514244BA48
[LOG] AsyncThread::threadFunc                  : Starting Asynchronous operation on sound 000002514244D1E8
[LOG] AsyncThread::threadFunc                  : Finished Asynchronous operation on sound 000002514244D1E8
[LOG] SoundI::release                          : Thoughts (000002533D7D9C38)
[LOG] SoundI::release                          :     Thoughts (000002533B5CF178)
[LOG] SoundI::release                          :     Thoughts (000002533D7DB588)
[LOG] SoundI::release                          : Campfire (000002533D7DB3D8)
[LOG] SoundI::release                          :     Campfire (000002533B5D01B8)
[LOG] SoundI::release                          :     Campfire (000002533D7DAD18)
[LOG] SoundI::release                          : SmallRobot_Idle (000002514244A2A8)
[LOG] SoundI::release                          :     SmallRobot_Idle (000002533D7D8668)
[LOG] SoundI::release                          :     SmallRobot_Idle (000002514244C468)
[LOG] SoundI::release                          : SmallRobot_Idle (0000025142449A38)
[LOG] SoundI::release                          :     SmallRobot_Idle (000002533D7D6FA8)
[LOG] SoundI::release                          :     SmallRobot_Idle (000002514244BBF8)
[LOG] SoundI::release                          : SmallRobot_Idle (0000025142448298)
[LOG] SoundI::release                          :     SmallRobot_Idle (000002533B5CF7F8)
[LOG] SoundI::release                          :     SmallRobot_Idle (00000251424487A8)
[LOG] SoundI::release                          : SmallRobot_Idle (00000251424485F8)
[LOG] SoundI::release                          :     SmallRobot_Idle (000002533D7D6448)
[LOG] SoundI::release                          :     SmallRobot_Idle (000002514244CE88)
[LOG] SystemI::createSoundInternal             : Create name='', mode=0x02000202
[LOG] SystemI::createSoundInternal             : exinfo->cbsize             = 224
[LOG] SystemI::createSoundInternal             : exinfo->length             = 10142304
[LOG] SystemI::createSoundInternal             : exinfo->fileoffset         = 19008
[LOG] SystemI::createSoundInternal             : exinfo->numsubsounds       = 1
[LOG] SystemI::createSoundInternal             : exinfo->inclusionlist      = 000000DE779FF0D8
[LOG] SystemI::createSoundInternal             : exinfo->inclusionlistnum   = 1
[LOG] SystemI::createSoundInternal             : exinfo->suggestedsoundtype = 5
[LOG] SystemI::createSoundInternal             : exinfo->useropen           = 00007FFE24CC7E30
[LOG] SystemI::createSoundInternal             : exinfo->userclose          = 00007FFE24CC7E00
[LOG] SystemI::createSoundInternal             : exinfo->userread           = 00007FFE24CC7F00
[LOG] SystemI::createSoundInternal             : exinfo->userseek           = 00007FFE24CC7FC0
[LOG] SystemI::createSoundInternal             : exinfo->fileuserdata       = 000002514D38A418
[LOG] SystemI::createSoundInternal             : exinfo->initialseekpostype = 1
[LOG] SystemI::DSPCodecPoolRegister            : register codec pool for pool type 5
[LOG] SystemI::createSoundInternal             : Sample 0/1: name='sfx_sounds_damage1', format=5, channels=1, frequency=48000, lengthbytes=1824, lengthpcm=8329, pcmblocksize=0, loopstart=0, loopend=0, mode=0x00000000, channelmask=0x00000000, channelorder=0, peakvolume=0.501129.
[LOG] SystemI::createSoundInternal             : Create name='', mode=0x02000202
[LOG] SystemI::createSoundInternal             : exinfo->cbsize             = 224
[LOG] SystemI::createSoundInternal             : exinfo->length             = 10142304
[LOG] SystemI::createSoundInternal             : exinfo->fileoffset         = 19008
[LOG] SystemI::createSoundInternal             : exinfo->numsubsounds       = 1
[LOG] SystemI::createSoundInternal             : exinfo->inclusionlist      = 000000DE779FF0D8
[LOG] SystemI::createSoundInternal             : exinfo->inclusionlistnum   = 1
[LOG] SystemI::createSoundInternal             : exinfo->suggestedsoundtype = 5
[LOG] SystemI::createSoundInternal             : exinfo->useropen           = 00007FFE24CC7E30
[LOG] SystemI::createSoundInternal             : exinfo->userclose          = 00007FFE24CC7E00
[LOG] SystemI::createSoundInternal             : exinfo->userread           = 00007FFE24CC7F00
[LOG] SystemI::createSoundInternal             : exinfo->userseek           = 00007FFE24CC7FC0
[LOG] SystemI::createSoundInternal             : exinfo->fileuserdata       = 000002514D38A418
[LOG] SystemI::createSoundInternal             : exinfo->initialseekpostype = 1
[LOG] SystemI::DSPCodecPoolRegister            : register codec pool for pool type 5
[LOG] SystemI::createSoundInternal             : Sample 0/1: name='sfx_sounds_damage3', format=5, channels=1, frequency=48000, lengthbytes=1888, lengthpcm=8300, pcmblocksize=0, loopstart=0, loopend=0, mode=0x00000000, channelmask=0x00000000, channelorder=0, peakvolume=0.501160.
[LOG] SoundI::release                          : SmallRobot_Idle (000002514244BA48)
[LOG] SoundI::release                          :     SmallRobot_Idle (000002533C0EFD78)
[LOG] SoundI::release                          :     SmallRobot_Idle (000002533E274658)
[LOG] SystemI::createSound                     : filename = Fmod\NoCodeur\Build\Desktop/Master.bank : mode 02010082
[LOG] SystemI::createSound                     : FMOD_NONBLOCKING specified.  Putting into queue to be opened asynchronously!
[LOG] SystemI::createSound                     : setdata soundi = 000002533E2744A8 : node = 00000252DCBE10A0
[LOG] SystemI::createSound                     : add node to async list : head = 000002514CE38D78.  list count = 0
[LOG] AsyncThread::threadFunc                  : Starting Asynchronous operation on sound 000002533E2744A8
[LOG] SystemI::createSoundInternal             :     Create name='Fmod\NoCodeur\Build\Desktop/Master.bank', mode=0x02010082
[LOG] SystemI::createSoundInternal             :     exinfo->cbsize             = 224
[LOG] SystemI::createSoundInternal             :     exinfo->length             = 10142304
[LOG] SystemI::createSoundInternal             :     exinfo->fileoffset         = 19008
[LOG] SystemI::createSoundInternal             :     exinfo->numsubsounds       = 1
[LOG] SystemI::createSoundInternal             :     exinfo->inclusionlist      = 00000252DCBE11B0
[LOG] SystemI::createSoundInternal             :     exinfo->inclusionlistnum   = 1
[LOG] SystemI::createSoundInternal             :     exinfo->suggestedsoundtype = 5
[LOG] SystemI::createSound                     :     filename = Fmod\NoCodeur\Build\Desktop/Master.bank : mode 02010082
[LOG] SystemI::createSoundInternal             :     exinfo->initialseekpostype = 1
[LOG] SystemI::createSound                     :     FMOD_NONBLOCKING specified.  Putting into queue to be opened asynchronously!
[LOG] SystemI::createSound                     :     setdata soundi = 0000025142440768 : node = 00000252DCBE0920
[LOG] SystemI::createSound                     :     add node to async list : head = 000002514CE38D78.  list count = 0
[LOG] SystemI::createSoundInternal             :     Stream 0/1: name='Campfire', format=5, channels=2, frequency=48000, lengthbytes=4822816, lengthpcm=16704000, pcmblocksize=0, loopstart=0, loopend=0, mode=0x00000000, channelmask=0x00000000, channelorder=0, peakvolume=0.999969.
[LOG] AsyncThread::threadFunc                  : Finished Asynchronous operation on sound 000002533E2744A8
[LOG] AsyncThread::threadFunc                  : Starting Asynchronous operation on sound 0000025142440768
[LOG] SystemI::createSoundInternal             :     Create name='Fmod\NoCodeur\Build\Desktop/Master.bank', mode=0x02010082
[LOG] SystemI::createSoundInternal             :     exinfo->cbsize             = 224
[LOG] SystemI::createSoundInternal             :     exinfo->length             = 10142304
[LOG] SystemI::createSoundInternal             :     exinfo->fileoffset         = 19008
[LOG] SystemI::createSoundInternal             :     exinfo->numsubsounds       = 1
[LOG] SystemI::createSoundInternal             :     exinfo->inclusionlist      = 00000252DCBE0A30
[LOG] SystemI::createSoundInternal             :     exinfo->inclusionlistnum   = 1
[LOG] SystemI::createSoundInternal             :     exinfo->suggestedsoundtype = 5
[LOG] SystemI::createSoundInternal             :     exinfo->initialseekpostype = 1
[LOG] SystemI::createSoundInternal             :     Stream 0/1: name='Thoughts', format=5, channels=2, frequency=48000, lengthbytes=864896, lengthpcm=2748772, pcmblocksize=0, loopstart=0, loopend=2679761, mode=0x00000000, channelmask=0x00000000, channelorder=0, peakvolume=0.187012.
[LOG] AsyncThread::threadFunc                  : Finished Asynchronous operation on sound 0000025142440768
[LOG] AsyncThread::threadFunc                  : Starting Asynchronous operation on sound 0000025142442FE8
[LOG] AsyncThread::threadFunc                  : Finished Asynchronous operation on sound 0000025142442FE8
[LOG] SoundI::release                          : Frénésie (000002514244C108)
[LOG] SoundI::release                          :     Frénésie (000002533D7D8B48)
[LOG] SoundI::release                          :     Frénésie (000002514244D1E8)
[LOG] SoundI::release                          : DesertAmbiance (000002514244DC08)
[LOG] SoundI::release                          :     DesertAmbiance (000002533D7D9848)
[LOG] SoundI::release                          :     DesertAmbiance (000002514244CB28)
[LOG] SystemI::createSound                     : filename = Fmod\NoCodeur\Build\Desktop/Master.bank : mode 02010082
[LOG] SystemI::createSound                     : FMOD_NONBLOCKING specified.  Putting into queue to be opened asynchronously!
[LOG] SystemI::createSound                     : setdata soundi = 000002514244B388 : node = 00000252DCBE0BA0
[LOG] SystemI::createSound                     : add node to async list : head = 000002514CE38D78.  list count = 0
[LOG] AsyncThread::threadFunc                  : Starting Asynchronous operation on sound 000002514244B388
[LOG] SystemI::createSoundInternal             :     Create name='Fmod\NoCodeur\Build\Desktop/Master.bank', mode=0x02010082
[LOG] SystemI::createSoundInternal             :     exinfo->cbsize             = 224
[LOG] SystemI::createSoundInternal             :     exinfo->length             = 10142304
[LOG] SystemI::createSoundInternal             :     exinfo->fileoffset         = 19008
[LOG] SystemI::createSoundInternal             :     exinfo->numsubsounds       = 1
[LOG] SystemI::createSoundInternal             :     exinfo->inclusionlist      = 00000252DCBE0CB0
[LOG] SystemI::createSoundInternal             :     exinfo->inclusionlistnum   = 1
[LOG] SystemI::createSoundInternal             :     exinfo->suggestedsoundtype = 5
[LOG] SystemI::createSoundInternal             :     exinfo->initialseekpostype = 1
[LOG] SystemI::createSound                     :     filename = Fmod\NoCodeur\Build\Desktop/Master.bank : mode 02010082
[LOG] SystemI::createSound                     :     FMOD_NONBLOCKING specified.  Putting into queue to be opened asynchronously!
[LOG] SystemI::createSound                     :     setdata soundi = 000002514244A2A8 : node = 00000252DCBE0E20
[LOG] SystemI::createSound                     :     add node to async list : head = 000002514CE38D78.  list count = 0
[LOG] SystemI::createSoundInternal             :     Stream 0/1: name='SmallRobot_Idle', format=5, channels=2, frequency=48000, lengthbytes=231552, lengthpcm=1440000, pcmblocksize=0, loopstart=0, loopend=0, mode=0x00000000, channelmask=0x00000000, channelorder=0, peakvolume=0.468031.
[LOG] SystemI::createSound                     :     filename = Fmod\NoCodeur\Build\Desktop/Master.bank : mode 02010082
[LOG] SystemI::createSound                     :     FMOD_NONBLOCKING specified.  Putting into queue to be opened asynchronously!
[LOG] SystemI::createSound                     :     setdata soundi = 0000025142448E68 : node = 00000252DCBE0F60
[LOG] SystemI::createSound                     :     add node to async list : head = 000002514CE38D78.  list count = 1
[LOG] SystemI::createSound                     :     filename = Fmod\NoCodeur\Build\Desktop/Master.bank : mode 02010082
[LOG] SystemI::createSound                     :     FMOD_NONBLOCKING specified.  Putting into queue to be opened asynchronously!
[LOG] SystemI::createSound                     :     setdata soundi = 0000025142449888 : node = 00000252DCBE1320
[LOG] SystemI::createSound                     :     add node to async list : head = 000002514CE38D78.  list count = 2
[LOG] SystemI::createSound                     :     filename = Fmod\NoCodeur\Build\Desktop/Master.bank : mode 02010082
[LOG] SystemI::createSound                     :     FMOD_NONBLOCKING specified.  Putting into queue to be opened asynchronously!
[LOG] SystemI::createSound                     :     setdata soundi = 0000025142448298 : node = 000002533D94F160
[LOG] SystemI::createSound                     :     add node to async list : head = 000002514CE38D78.  list count = 3
[LOG] AsyncThread::threadFunc                  : Finished Asynchronous operation on sound 000002514244B388
[LOG] AsyncThread::threadFunc                  : Starting Asynchronous operation on sound 000002514244A2A8
[LOG] SystemI::createSoundInternal             :     Create name='Fmod\NoCodeur\Build\Desktop/Master.bank', mode=0x02010082
[LOG] SystemI::createSound                     :     filename = Fmod\NoCodeur\Build\Desktop/Master.bank : mode 02010082
[LOG] SystemI::createSoundInternal             :     exinfo->cbsize             = 224
[LOG] SystemI::createSound                     :     FMOD_NONBLOCKING specified.  Putting into queue to be opened asynchronously!
[LOG] SystemI::createSoundInternal             :     exinfo->length             = 10142304
[LOG] SystemI::createSound                     :     setdata soundi = 0000025142449A38 : node = 000002533D94FDE0
[LOG] SystemI::createSoundInternal             :     exinfo->fileoffset         = 19008
[LOG] SystemI::createSound                     :     add node to async list : head = 000002514CE38D78.  list count = 3
[LOG] SystemI::createSoundInternal             :     exinfo->numsubsounds       = 1
[LOG] SystemI::createSoundInternal             :     exinfo->inclusionlist      = 00000252DCBE0F30
[LOG] SystemI::createSoundInternal             :     exinfo->inclusionlistnum   = 1
[LOG] SystemI::createSoundInternal             :     exinfo->suggestedsoundtype = 5
[LOG] SystemI::createSoundInternal             :     exinfo->initialseekpostype = 1
[LOG] SystemI::createSound                     :     filename = Fmod\NoCodeur\Build\Desktop/Master.bank : mode 02010082
[LOG] SystemI::createSound                     :     FMOD_NONBLOCKING specified.  Putting into queue to be opened asynchronously!
[LOG] SystemI::createSound                     :     setdata soundi = 000002514244AB18 : node = 000002533D94F8E0
[LOG] SystemI::createSound                     :     add node to async list : head = 000002514CE38D78.  list count = 4
[LOG] SystemI::createSoundInternal             :     Stream 0/1: name='SmallRobot_Idle', format=5, channels=2, frequency=48000, lengthbytes=231552, lengthpcm=1440000, pcmblocksize=0, loopstart=0, loopend=0, mode=0x00000000, channelmask=0x00000000, channelorder=0, peakvolume=0.468031.
[LOG] SystemI::createSound                     :     filename = Fmod\NoCodeur\Build\Desktop/Master.bank : mode 02010082
[LOG] SystemI::createSound                     :     FMOD_NONBLOCKING specified.  Putting into queue to be opened asynchronously!
[LOG] SystemI::createSound                     :     setdata soundi = 000002533D7D9C38 : node = 000002533D94F3E0
[LOG] SystemI::createSound                     :     add node to async list : head = 000002514CE38D78.  list count = 5
[LOG] SystemI::createSound                     :     filename = Fmod\NoCodeur\Build\Desktop/Master.bank : mode 02010082
[LOG] SystemI::createSound                     :     FMOD_NONBLOCKING specified.  Putting into queue to be opened asynchronously!
[LOG] SystemI::createSound                     :     setdata soundi = 000002533D7DAB68 : node = 000002533D94E760
[LOG] SystemI::createSound                     :     add node to async list : head = 000002514CE38D78.  list count = 6
[LOG] AsyncThread::threadFunc                  : Finished Asynchronous operation on sound 000002514244A2A8
[LOG] AsyncThread::threadFunc                  : Starting Asynchronous operation on sound 0000025142448E68
[LOG] SystemI::createSoundInternal             :     Create name='Fmod\NoCodeur\Build\Desktop/Master.bank', mode=0x02010082
[LOG] SystemI::createSoundInternal             :     exinfo->cbsize             = 224
[LOG] SystemI::createSoundInternal             :     exinfo->length             = 10142304
[LOG] SystemI::createSoundInternal             :     exinfo->fileoffset         = 19008
[LOG] SystemI::createSoundInternal             :     exinfo->numsubsounds       = 1
[LOG] SystemI::createSoundInternal             :     exinfo->inclusionlist      = 00000252DCBE1070
[LOG] SystemI::createSoundInternal             :     exinfo->inclusionlistnum   = 1
[LOG] SystemI::createSoundInternal             :     exinfo->suggestedsoundtype = 5
[LOG] SystemI::createSoundInternal             :     exinfo->initialseekpostype = 1
[LOG] SystemI::createSoundInternal             :     Stream 0/1: name='SmallRobot_Idle', format=5, channels=2, frequency=48000, lengthbytes=231552, lengthpcm=1440000, pcmblocksize=0, loopstart=0, loopend=0, mode=0x00000000, channelmask=0x00000000, channelorder=0, peakvolume=0.468031.
[LOG] AsyncThread::threadFunc                  : Finished Asynchronous operation on sound 0000025142448E68
[LOG] AsyncThread::threadFunc                  : Starting Asynchronous operation on sound 0000025142449888
[LOG] SystemI::createSoundInternal             :     Create name='Fmod\NoCodeur\Build\Desktop/Master.bank', mode=0x02010082
[LOG] SystemI::createSoundInternal             :     exinfo->cbsize             = 224
[LOG] SystemI::createSoundInternal             :     exinfo->length             = 10142304
[LOG] SystemI::createSoundInternal             :     exinfo->fileoffset         = 19008
[LOG] SystemI::createSoundInternal             :     exinfo->numsubsounds       = 1
[LOG] SystemI::createSoundInternal             :     exinfo->inclusionlist      = 00000252DCBE1430
[LOG] SystemI::createSoundInternal             :     exinfo->inclusionlistnum   = 1
[LOG] SystemI::createSoundInternal             :     exinfo->suggestedsoundtype = 5
[LOG] SystemI::createSoundInternal             :     exinfo->initialseekpostype = 1
[LOG] SystemI::createSoundInternal             :     Stream 0/1: name='DesertAmbiance', format=5, channels=2, frequency=48000, lengthbytes=2848672, lengthpcm=10848000, pcmblocksize=0, loopstart=0, loopend=0, mode=0x00000000, channelmask=0x00000000, channelorder=0, peakvolume=0.088464.
[LOG] AsyncThread::threadFunc                  : Finished Asynchronous operation on sound 0000025142449888
[LOG] AsyncThread::threadFunc                  : Starting Asynchronous operation on sound 0000025142448298
[LOG] SystemI::createSoundInternal             :     Create name='Fmod\NoCodeur\Build\Desktop/Master.bank', mode=0x02010082
[LOG] SystemI::createSoundInternal             :     exinfo->cbsize             = 224
[LOG] SystemI::createSoundInternal             :     exinfo->length             = 10142304
[LOG] SystemI::createSoundInternal             :     exinfo->fileoffset         = 19008
[LOG] SystemI::createSoundInternal             :     exinfo->numsubsounds       = 1
[LOG] SystemI::createSoundInternal             :     exinfo->inclusionlist      = 000002533D94F270
[LOG] SystemI::createSoundInternal             :     exinfo->inclusionlistnum   = 1
[LOG] SystemI::createSoundInternal             :     exinfo->suggestedsoundtype = 5
[LOG] SystemI::createSoundInternal             :     exinfo->initialseekpostype = 1
[LOG] SystemI::createSoundInternal             :     Stream 0/1: name='Frénésie', format=5, channels=2, frequency=48000, lengthbytes=1256352, lengthpcm=4650666, pcmblocksize=0, loopstart=0, loopend=4639998, mode=0x00000000, channelmask=0x00000000, channelorder=0, peakvolume=0.975708.
[LOG] AsyncThread::threadFunc                  : Finished Asynchronous operation on sound 0000025142448298
[LOG] AsyncThread::threadFunc                  : Starting Asynchronous operation on sound 0000025142449A38
[LOG] SystemI::createSoundInternal             :     Create name='Fmod\NoCodeur\Build\Desktop/Master.bank', mode=0x02010082
[LOG] SystemI::createSoundInternal             :     exinfo->cbsize             = 224
[LOG] SystemI::createSoundInternal             :     exinfo->length             = 10142304
[LOG] SystemI::createSoundInternal             :     exinfo->fileoffset         = 19008
[LOG] SystemI::createSoundInternal             :     exinfo->numsubsounds       = 1
[LOG] SystemI::createSoundInternal             :     exinfo->inclusionlist      = 000002533D94FEF0
[LOG] SystemI::createSoundInternal             :     exinfo->inclusionlistnum   = 1
[LOG] SystemI::createSoundInternal             :     exinfo->suggestedsoundtype = 5
[LOG] SystemI::createSoundInternal             :     exinfo->initialseekpostype = 1
[LOG] SystemI::createSoundInternal             :     Stream 0/1: name='SmallRobot_Idle', format=5, channels=2, frequency=48000, lengthbytes=231552, lengthpcm=1440000, pcmblocksize=0, loopstart=0, loopend=0, mode=0x00000000, channelmask=0x00000000, channelorder=0, peakvolume=0.468031.
[LOG] AsyncThread::threadFunc                  : Finished Asynchronous operation on sound 0000025142449A38
[LOG] AsyncThread::threadFunc                  : Starting Asynchronous operation on sound 000002514244AB18
[LOG] SystemI::createSoundInternal             :     Create name='Fmod\NoCodeur\Build\Desktop/Master.bank', mode=0x02010082
[LOG] SystemI::createSoundInternal             :     exinfo->cbsize             = 224
[LOG] SystemI::createSoundInternal             :     exinfo->length             = 10142304
[LOG] SystemI::createSoundInternal             :     exinfo->fileoffset         = 19008
[LOG] SystemI::createSoundInternal             :     exinfo->numsubsounds       = 1
[LOG] SystemI::createSoundInternal             :     exinfo->inclusionlist      = 000002533D94F9F0
[LOG] SystemI::createSoundInternal             :     exinfo->inclusionlistnum   = 1
[LOG] SystemI::createSoundInternal             :     exinfo->suggestedsoundtype = 5
[LOG] SystemI::createSoundInternal             :     exinfo->initialseekpostype = 1
[LOG] SystemI::createSoundInternal             :     Stream 0/1: name='SmallRobot_Idle', format=5, channels=2, frequency=48000, lengthbytes=231552, lengthpcm=1440000, pcmblocksize=0, loopstart=0, loopend=0, mode=0x00000000, channelmask=0x00000000, channelorder=0, peakvolume=0.468031.
[LOG] AsyncThread::threadFunc                  : Finished Asynchronous operation on sound 000002514244AB18
[LOG] AsyncThread::threadFunc                  : Starting Asynchronous operation on sound 000002533D7D9C38
[LOG] SystemI::createSoundInternal             :     Create name='Fmod\NoCodeur\Build\Desktop/Master.bank', mode=0x02010082
[LOG] SystemI::createSoundInternal             :     exinfo->cbsize             = 224
[LOG] SystemI::createSoundInternal             :     exinfo->length             = 10142304
[LOG] SystemI::createSoundInternal             :     exinfo->fileoffset         = 19008
[LOG] SystemI::createSoundInternal             :     exinfo->numsubsounds       = 1
[LOG] SystemI::createSoundInternal             :     exinfo->inclusionlist      = 000002533D94F4F0
[LOG] SystemI::createSoundInternal             :     exinfo->inclusionlistnum   = 1
[LOG] SystemI::createSoundInternal             :     exinfo->suggestedsoundtype = 5
[LOG] SystemI::createSoundInternal             :     exinfo->initialseekpostype = 1
[LOG] SystemI::createSoundInternal             :     Stream 0/1: name='SmallRobot_Idle', format=5, channels=2, frequency=48000, lengthbytes=231552, lengthpcm=1440000, pcmblocksize=0, loopstart=0, loopend=0, mode=0x00000000, channelmask=0x00000000, channelorder=0, peakvolume=0.468031.
[LOG] AsyncThread::threadFunc                  : Finished Asynchronous operation on sound 000002533D7D9C38
[LOG] AsyncThread::threadFunc                  : Starting Asynchronous operation on sound 000002533D7DAB68
[LOG] SystemI::createSoundInternal             :     Create name='Fmod\NoCodeur\Build\Desktop/Master.bank', mode=0x02010082
[LOG] SystemI::createSoundInternal             :     exinfo->cbsize             = 224
[LOG] SystemI::createSoundInternal             :     exinfo->length             = 10142304
[LOG] SystemI::createSoundInternal             :     exinfo->fileoffset         = 19008
[LOG] SystemI::createSoundInternal             :     exinfo->numsubsounds       = 1
[LOG] SystemI::createSoundInternal             :     exinfo->inclusionlist      = 000002533D94E870
[LOG] SystemI::createSoundInternal             :     exinfo->inclusionlistnum   = 1
[LOG] SystemI::createSoundInternal             :     exinfo->suggestedsoundtype = 5
[LOG] SystemI::createSoundInternal             :     exinfo->initialseekpostype = 1
[LOG] SystemI::createSoundInternal             :     Stream 0/1: name='SmallRobot_Idle', format=5, channels=2, frequency=48000, lengthbytes=231552, lengthpcm=1440000, pcmblocksize=0, loopstart=0, loopend=0, mode=0x00000000, channelmask=0x00000000, channelorder=0, peakvolume=0.468031.
[LOG] AsyncThread::threadFunc                  : Finished Asynchronous operation on sound 000002533D7DAB68
[LOG] AsyncThread::threadFunc                  : Starting Asynchronous operation on sound 000002533D7DB588
[LOG] AsyncThread::threadFunc                  : Finished Asynchronous operation on sound 000002533D7DB588
[LOG] SoundI::release                          : Thoughts (0000025142440768)
[LOG] SoundI::release                          :     Thoughts (000002533C0EF898)
[LOG] SoundI::release                          :     Thoughts (0000025142442FE8)
[LOG] SoundI::release                          : Campfire (000002533E2744A8)
[LOG] SoundI::release                          :     Campfire (000002533C0EF218)
[LOG] SoundI::release                          :     Campfire (000002514243E3F8)
[LOG] SoundI::release                          : SmallRobot_Idle (000002533D7D9C38)
[LOG] SoundI::release                          :     SmallRobot_Idle (000002533B5CF178)
[LOG] SoundI::release                          :     SmallRobot_Idle (000002533D7DAD18)
[LOG] SoundI::release                          : SmallRobot_Idle (000002514244B388)
[LOG] SoundI::release                          :     SmallRobot_Idle (000002533C0EFBD8)
[LOG] SoundI::release                          :     SmallRobot_Idle (0000025142446AF8)
[LOG] SystemI::createSound                     : filename = Fmod\NoCodeur\Build\Desktop/Master.bank : mode 02010082
[LOG] SystemI::createSound                     : FMOD_NONBLOCKING specified.  Putting into queue to be opened asynchronously!
[LOG] SystemI::createSound                     : setdata soundi = 00000253252EA828 : node = 000002533D94F3E0
[LOG] SystemI::createSound                     : add node to async list : head = 000002514CE38D78.  list count = 0
[LOG] AsyncThread::threadFunc                  : Starting Asynchronous operation on sound 00000253252EA828
[LOG] SystemI::createSoundInternal             :     Create name='Fmod\NoCodeur\Build\Desktop/Master.bank', mode=0x02010082
[LOG] SystemI::createSoundInternal             :     exinfo->cbsize             = 224
[LOG] SystemI::createSoundInternal             :     exinfo->length             = 10142304
[LOG] SystemI::createSoundInternal             :     exinfo->fileoffset         = 19008
[LOG] SystemI::createSoundInternal             :     exinfo->numsubsounds       = 1
[LOG] SystemI::createSound                     :     filename = Fmod\NoCodeur\Build\Desktop/Master.bank : mode 02010082
[LOG] SystemI::createSoundInternal             :     exinfo->inclusionlist      = 000002533D94F4F0
[LOG] SystemI::createSound                     :     FMOD_NONBLOCKING specified.  Putting into queue to be opened asynchronously!
[LOG] SystemI::createSoundInternal             :     exinfo->inclusionlistnum   = 1
[LOG] SystemI::createSound                     :     setdata soundi = 00000253252EA9D8 : node = 000002533D94FA20
[LOG] SystemI::createSoundInternal             :     exinfo->suggestedsoundtype = 5
[LOG] SystemI::createSound                     :     add node to async list : head = 000002514CE38D78.  list count = 0
[LOG] SystemI::createSoundInternal             :     exinfo->initialseekpostype = 1
[LOG] SystemI::createSoundInternal             :     Stream 0/1: name='DesertAmbiance', format=5, channels=2, frequency=48000, lengthbytes=2848672, lengthpcm=10848000, pcmblocksize=0, loopstart=0, loopend=0, mode=0x00000000, channelmask=0x00000000, channelorder=0, peakvolume=0.088464.
[LOG] AsyncThread::threadFunc                  : Finished Asynchronous operation on sound 00000253252EA828
[LOG] AsyncThread::threadFunc                  : Starting Asynchronous operation on sound 00000253252EA9D8
[LOG] SystemI::createSoundInternal             :     Create name='Fmod\NoCodeur\Build\Desktop/Master.bank', mode=0x02010082
[LOG] SystemI::createSoundInternal             :     exinfo->cbsize             = 224
[LOG] SystemI::createSoundInternal             :     exinfo->length             = 10142304
[LOG] SystemI::createSoundInternal             :     exinfo->fileoffset         = 19008
[LOG] SystemI::createSoundInternal             :     exinfo->numsubsounds       = 1
[LOG] SystemI::createSoundInternal             :     exinfo->inclusionlist      = 000002533D94FB30
[LOG] SystemI::createSoundInternal             :     exinfo->inclusionlistnum   = 1
[LOG] SystemI::createSoundInternal             :     exinfo->suggestedsoundtype = 5
[LOG] SystemI::createSoundInternal             :     exinfo->initialseekpostype = 1
[LOG] SystemI::createSoundInternal             :     Stream 0/1: name='Thoughts', format=5, channels=2, frequency=48000, lengthbytes=864896, lengthpcm=2748772, pcmblocksize=0, loopstart=0, loopend=2679761, mode=0x00000000, channelmask=0x00000000, channelorder=0, peakvolume=0.187012.
[LOG] AsyncThread::threadFunc                  : Finished Asynchronous operation on sound 00000253252EA9D8
[LOG] AsyncThread::threadFunc                  : Starting Asynchronous operation on sound 000002514244B898
[LOG] AsyncThread::threadFunc                  : Finished Asynchronous operation on sound 000002514244B898
[LOG] SystemI::createSound                     : filename = Fmod\NoCodeur\Build\Desktop/Master.bank : mode 02010082
[LOG] SystemI::createSound                     : FMOD_NONBLOCKING specified.  Putting into queue to be opened asynchronously!
[LOG] SystemI::createSound                     : setdata soundi = 00000251424491C8 : node = 00000252DCBE0920
[LOG] SystemI::createSound                     : add node to async list : head = 000002514CE38D78.  list count = 0
[LOG] AsyncThread::threadFunc                  : Starting Asynchronous operation on sound 00000251424491C8
[LOG] SystemI::createSoundInternal             :     Create name='Fmod\NoCodeur\Build\Desktop/Master.bank', mode=0x02010082
[LOG] SystemI::createSoundInternal             :     exinfo->cbsize             = 224
[LOG] SystemI::createSoundInternal             :     exinfo->length             = 10142304
[LOG] SystemI::createSoundInternal             :     exinfo->fileoffset         = 19008
[LOG] SystemI::createSound                     :     filename = Fmod\NoCodeur\Build\Desktop/Master.bank : mode 02010082
[LOG] SystemI::createSoundInternal             :     exinfo->numsubsounds       = 1
[LOG] SystemI::createSound                     :     FMOD_NONBLOCKING specified.  Putting into queue to be opened asynchronously!
[LOG] SystemI::createSoundInternal             :     exinfo->inclusionlist      = 00000252DCBE0A30
[LOG] SystemI::createSound                     :     setdata soundi = 0000025142446AF8 : node = 00000252DCBE10A0
[LOG] SystemI::createSoundInternal             :     exinfo->inclusionlistnum   = 1
[LOG] SystemI::createSound                     :     add node to async list : head = 000002514CE38D78.  list count = 0
[LOG] SystemI::createSoundInternal             :     exinfo->suggestedsoundtype = 5
[LOG] SystemI::createSoundInternal             :     exinfo->initialseekpostype = 1
[LOG] SystemI::createSoundInternal             :     Stream 0/1: name='Campfire', format=5, channels=2, frequency=48000, lengthbytes=4822816, lengthpcm=16704000, pcmblocksize=0, loopstart=0, loopend=0, mode=0x00000000, channelmask=0x00000000, channelorder=0, peakvolume=0.999969.
[LOG] AsyncThread::threadFunc                  : Finished Asynchronous operation on sound 00000251424491C8
[LOG] AsyncThread::threadFunc                  : Starting Asynchronous operation on sound 0000025142446AF8
[LOG] SystemI::createSoundInternal             :     Create name='Fmod\NoCodeur\Build\Desktop/Master.bank', mode=0x02010082
[LOG] SystemI::createSoundInternal             :     exinfo->cbsize             = 224
[LOG] SystemI::createSoundInternal             :     exinfo->length             = 10142304
[LOG] SystemI::createSoundInternal             :     exinfo->fileoffset         = 19008
[LOG] SystemI::createSoundInternal             :     exinfo->numsubsounds       = 1
[LOG] SystemI::createSoundInternal             :     exinfo->inclusionlist      = 00000252DCBE11B0
[LOG] SystemI::createSoundInternal             :     exinfo->inclusionlistnum   = 1
[LOG] SystemI::createSoundInternal             :     exinfo->suggestedsoundtype = 5
[LOG] SystemI::createSoundInternal             :     exinfo->initialseekpostype = 1
[LOG] SystemI::createSoundInternal             :     Stream 0/1: name='Thoughts', format=5, channels=2, frequency=48000, lengthbytes=864896, lengthpcm=2748772, pcmblocksize=0, loopstart=0, loopend=2679761, mode=0x00000000, channelmask=0x00000000, channelorder=0, peakvolume=0.187012.
[LOG] AsyncThread::threadFunc                  : Finished Asynchronous operation on sound 0000025142446AF8
[LOG] SoundI::release                          : Frénésie (0000025142448298)
[LOG] SoundI::release                          :     Frénésie (000002533D7D8668)
[LOG] SoundI::release                          :     Frénésie (000002533D7DB588)
[LOG] SoundI::release                          : DesertAmbiance (0000025142449888)
[LOG] SoundI::release                          :     DesertAmbiance (000002533D7D6FA8)
[LOG] SoundI::release                          :     DesertAmbiance (000002533D7DA808)
[LOG] SoundI::release                          : SmallRobot_Idle (000002533D7DAB68)
[LOG] SoundI::release                          :     SmallRobot_Idle (000002533B5D01B8)
[LOG] SoundI::release                          :     SmallRobot_Idle (000002533D7DA9B8)
[LOG] SoundI::release                          : SmallRobot_Idle (000002514244AB18)
[LOG] SoundI::release                          :     SmallRobot_Idle (000002533D7D8B48)
[LOG] SoundI::release                          :     SmallRobot_Idle (000002533D7DA148)
[LOG] SoundI::release                          : SmallRobot_Idle (0000025142449A38)
[LOG] SoundI::release                          :     SmallRobot_Idle (000002533D7D9848)
[LOG] SoundI::release                          :     SmallRobot_Idle (000002533D7DB738)
[LOG] SoundI::release                          : SmallRobot_Idle (0000025142448E68)
[LOG] SoundI::release                          :     SmallRobot_Idle (000002533D7D6448)
[LOG] SoundI::release                          :     SmallRobot_Idle (000002533D7DA2F8)
[LOG] SoundI::release                          : SmallRobot_Idle (000002514244A2A8)
[LOG] SoundI::release                          :     SmallRobot_Idle (000002533C0EFD78)
[LOG] SoundI::release                          :     SmallRobot_Idle (000002533D7DB228)
[LOG] AsyncThread::threadFunc                  : Starting Asynchronous operation on sound 0000025142449BE8
[LOG] AsyncThread::threadFunc                  : Finished Asynchronous operation on sound 0000025142449BE8
[LOG] SoundI::release                          : Thoughts (00000253252EA9D8)
[LOG] SoundI::release                          :     Thoughts (000002533B5CF7F8)
[LOG] SoundI::release                          :     Thoughts (000002514244B898)
[LOG] SoundI::release                          : DesertAmbiance (00000253252EA828)
[LOG] SoundI::release                          :     DesertAmbiance (000002533B5CF178)
[LOG] SoundI::release                          :     DesertAmbiance (00000253252EAD38)
[LOG] SoundI::release                          : Campfire (00000251424491C8)
[LOG] SoundI::release                          :     Campfire (000002533C0EF218)
[LOG] SoundI::release                          :     Campfire (0000025142447F38)
[LOG] SoundI::release                          : Thoughts (0000025142446AF8)
[LOG] SoundI::release                          :     Thoughts (000002533C0EF898)
[LOG] SoundI::release                          :     Thoughts (0000025142449BE8)
[LOG] SoundI::release                          :  (000002533DF53F18)
[LOG] SoundI::release                          :     sfx_sounds_interaction21 (000002533C0EF6F8)
[LOG] SoundI::release                          :  (000002533DF541F8)
[LOG] SoundI::release                          :     sfx_exp_shortest_hard1 (000002533B5D0698)
[LOG] SoundI::release                          :  (000002533DF54EE8)
[LOG] SoundI::release                          :     sfx_sounds_damage3 (000002533C0EF078)
[LOG] SoundI::release                          :  (000002533DF52F48)
[LOG] SoundI::release                          :     sfx_sounds_damage1 (000002533C0EFF18)
[LOG] SoundI::release                          :  (000002533DF55BD8)
[LOG] SoundI::release                          :     sfx_exp_short_hard4 (000002533B5CEE38)
[LOG] SoundI::release                          :  (000002533DF52C68)
[LOG] SoundI::release                          :     sfx_exp_short_hard1 (000002533B5CEC98)
[LOG] SoundI::release                          :  (000002533DF544D8)
[LOG] SoundI::release                          :     sfx_exp_short_hard2 (000002533B5CF4B8)
[LOG] SoundI::release                          :  (000002533DF55A68)
[LOG] SoundI::release                          :     sfx_exp_short_hard3 (000002533B5CEFD8)
[LOG] Thread::callback                         : FMOD Studio update thread finished.
[LOG] Thread::callback                         : FMOD Studio bank load thread finished.
[LOG] Profile::disconnectAll                   : Profiler disconnecting all clients
[LOG] Thread::callback                         : FMOD Studio sample load thread finished.
[LOG] LiveUpdate::release                      : 
[LOG] LiveUpdate::reset                        : Reset connection (reason Disconnected)
[LOG] Thread::callback                         : FMOD stream thread finished.
[LOG] Thread::callback                         : FMOD mixer thread finished.
[LOG] Profile::disconnectAll                   : Profiler disconnecting all clients
[LOG] SystemI::close                           : Closed.
[LOG] Thread::callback                         : FMOD Studio bank load thread finished.
[LOG] Thread::callback                         : FMOD Studio sample load thread finished.
[LOG] LiveUpdate::release                      : 
[LOG] LiveUpdate::reset                        : Reset connection (reason Disconnected)
[LOG] Thread::callback                         : FMOD stream thread finished.
[LOG] Thread::callback                         : FMOD mixer thread finished.
[LOG] SystemI::close                           : Closed.
[LOG] Thread::callback                         : FMOD nonblocking thread (0) finished.
[LOG] Thread::callback                         : FMOD file thread finished.
